Build static .a library files: /usr/local/Cellar/openssl/1.0.2o_1/lib
total 12104
drwxr-xr-x  10 norm  admin      320 Mar 27 07:55 .
drwxr-xr-x  13 norm  admin      416 Apr 26 10:31 ..
drwxr-xr-x  14 norm  admin      448 Mar 27 07:55 engines
-r--r--r--   1 norm  admin  1986176 Apr 16 16:03 libcrypto.1.0.0.dylib
-r--r--r--   1 norm  admin  3314640 Mar 27 07:55 libcrypto.a
lrwxr-xr-x   1 norm  admin       21 Mar 27 07:55 libcrypto.dylib -> libcrypto.1.0.0.dylib
-r--r--r--   1 norm  admin   376408 Apr 16 16:03 libssl.1.0.0.dylib
-r--r--r--   1 norm  admin   512560 Mar 27 07:55 libssl.a
lrwxr-xr-x   1 norm  admin       18 Mar 27 07:55 libssl.dylib -> libssl.1.0.0.dylib
drwxr-xr-x   5 norm  admin      160 Apr 16 16:03 pkgconfig
Build static .a library files: /Users/norm/forge/work/code/evernym/sdk-evernym/.macosbuild/vcx-indy-sdk/libindy/target/aarch64-apple-ios/release/build/libsqlcipher-sys-b14af6739f126938/out
total 4008
drwxr-xr-x  5 norm  staff      160 May  5 14:26 .
drwxr-xr-x  6 norm  staff      192 May  5 14:26 ..
-rw-r--r--  1 norm  staff   151900 May  5 14:26 bindgen.rs
-rw-r--r--  1 norm  staff  1896104 May  5 14:26 libsqlite3.a
drwxr-xr-x  3 norm  staff       96 May  5 14:26 sqlite3
Build static .a library files: /usr/local/Cellar/libsodium/1.0.12/lib
total 2064
drwxr-xr-x   6 norm  admin     192 Apr 26 10:31 .
drwxr-xr-x  10 norm  admin     320 Apr 26 10:31 ..
-r--r--r--   1 norm  admin  413516 Apr 26 10:31 libsodium.18.dylib
-r--r--r--   1 norm  admin  640424 Apr 26 10:31 libsodium.a
lrwxr-xr-x   1 norm  admin      18 Apr 26 10:31 libsodium.dylib -> libsodium.18.dylib
drwxr-xr-x   3 norm  admin      96 Apr 26 10:31 pkgconfig
Build static .a library files: /usr/local/Cellar/zeromq/4.2.5/lib
total 3880
drwxr-xr-x   6 norm  admin      192 Mar 23 13:35 .
drwxr-xr-x  12 norm  admin      384 Apr 26 10:50 ..
-r--r--r--   1 norm  admin   569212 Apr 26 10:50 libzmq.5.dylib
-r--r--r--   1 norm  admin  1413792 Mar 23 13:35 libzmq.a
lrwxr-xr-x   1 norm  admin       14 Mar 23 13:35 libzmq.dylib -> libzmq.5.dylib
drwxr-xr-x   3 norm  admin       96 Apr 26 10:50 pkgconfig
Build static .a library files: /usr/local/Cellar/openssl/1.0.2o_1/lib
total 12104
drwxr-xr-x  10 norm  admin      320 Mar 27 07:55 .
drwxr-xr-x  13 norm  admin      416 Apr 26 10:31 ..
drwxr-xr-x  14 norm  admin      448 Mar 27 07:55 engines
-r--r--r--   1 norm  admin  1986176 Apr 16 16:03 libcrypto.1.0.0.dylib
-r--r--r--   1 norm  admin  3314640 Mar 27 07:55 libcrypto.a
lrwxr-xr-x   1 norm  admin       21 Mar 27 07:55 libcrypto.dylib -> libcrypto.1.0.0.dylib
-r--r--r--   1 norm  admin   376408 Apr 16 16:03 libssl.1.0.0.dylib
-r--r--r--   1 norm  admin   512560 Mar 27 07:55 libssl.a
lrwxr-xr-x   1 norm  admin       18 Mar 27 07:55 libssl.dylib -> libssl.1.0.0.dylib
drwxr-xr-x   5 norm  admin      160 Apr 16 16:03 pkgconfig
Build static .a library files: /Users/norm/forge/work/code/evernym/sdk-evernym/.macosbuild/vcx-indy-sdk/libindy/target/armv7-apple-ios/release/build/libsqlcipher-sys-b14af6739f126938/out
total 3520
drwxr-xr-x  5 norm  staff      160 May  5 14:28 .
drwxr-xr-x  6 norm  staff      192 May  5 14:28 ..
-rw-r--r--  1 norm  staff   151900 May  5 14:28 bindgen.rs
-rw-r--r--  1 norm  staff  1644752 May  5 14:28 libsqlite3.a
drwxr-xr-x  3 norm  staff       96 May  5 14:28 sqlite3
Build static .a library files: /usr/local/Cellar/libsodium/1.0.12/lib
total 2064
drwxr-xr-x   6 norm  admin     192 Apr 26 10:31 .
drwxr-xr-x  10 norm  admin     320 Apr 26 10:31 ..
-r--r--r--   1 norm  admin  413516 Apr 26 10:31 libsodium.18.dylib
-r--r--r--   1 norm  admin  640424 Apr 26 10:31 libsodium.a
lrwxr-xr-x   1 norm  admin      18 Apr 26 10:31 libsodium.dylib -> libsodium.18.dylib
drwxr-xr-x   3 norm  admin      96 Apr 26 10:31 pkgconfig
Build static .a library files: /usr/local/Cellar/zeromq/4.2.5/lib
total 3880
drwxr-xr-x   6 norm  admin      192 Mar 23 13:35 .
drwxr-xr-x  12 norm  admin      384 Apr 26 10:50 ..
-r--r--r--   1 norm  admin   569212 Apr 26 10:50 libzmq.5.dylib
-r--r--r--   1 norm  admin  1413792 Mar 23 13:35 libzmq.a
lrwxr-xr-x   1 norm  admin       14 Mar 23 13:35 libzmq.dylib -> libzmq.5.dylib
drwxr-xr-x   3 norm  admin       96 Apr 26 10:50 pkgconfig
Build static .a library files: /usr/local/Cellar/openssl/1.0.2o_1/lib
total 12104
drwxr-xr-x  10 norm  admin      320 Mar 27 07:55 .
drwxr-xr-x  13 norm  admin      416 Apr 26 10:31 ..
drwxr-xr-x  14 norm  admin      448 Mar 27 07:55 engines
-r--r--r--   1 norm  admin  1986176 Apr 16 16:03 libcrypto.1.0.0.dylib
-r--r--r--   1 norm  admin  3314640 Mar 27 07:55 libcrypto.a
lrwxr-xr-x   1 norm  admin       21 Mar 27 07:55 libcrypto.dylib -> libcrypto.1.0.0.dylib
-r--r--r--   1 norm  admin   376408 Apr 16 16:03 libssl.1.0.0.dylib
-r--r--r--   1 norm  admin   512560 Mar 27 07:55 libssl.a
lrwxr-xr-x   1 norm  admin       18 Mar 27 07:55 libssl.dylib -> libssl.1.0.0.dylib
drwxr-xr-x   5 norm  admin      160 Apr 16 16:03 pkgconfig
Build static .a library files: /Users/norm/forge/work/code/evernym/sdk-evernym/.macosbuild/vcx-indy-sdk/libindy/target/i386-apple-ios/release/build/libsqlcipher-sys-b14af6739f126938/out
total 4288
drwxr-xr-x  5 norm  staff      160 May  5 14:30 .
drwxr-xr-x  6 norm  staff      192 May  5 14:30 ..
-rw-r--r--  1 norm  staff   151900 May  5 14:29 bindgen.rs
-rw-r--r--  1 norm  staff  2035920 May  5 14:30 libsqlite3.a
drwxr-xr-x  3 norm  staff       96 May  5 14:30 sqlite3
Build static .a library files: /usr/local/Cellar/libsodium/1.0.12/lib
total 2064
drwxr-xr-x   6 norm  admin     192 Apr 26 10:31 .
drwxr-xr-x  10 norm  admin     320 Apr 26 10:31 ..
-r--r--r--   1 norm  admin  413516 Apr 26 10:31 libsodium.18.dylib
-r--r--r--   1 norm  admin  640424 Apr 26 10:31 libsodium.a
lrwxr-xr-x   1 norm  admin      18 Apr 26 10:31 libsodium.dylib -> libsodium.18.dylib
drwxr-xr-x   3 norm  admin      96 Apr 26 10:31 pkgconfig
Build static .a library files: /usr/local/Cellar/zeromq/4.2.5/lib
total 3880
drwxr-xr-x   6 norm  admin      192 Mar 23 13:35 .
drwxr-xr-x  12 norm  admin      384 Apr 26 10:50 ..
-r--r--r--   1 norm  admin   569212 Apr 26 10:50 libzmq.5.dylib
-r--r--r--   1 norm  admin  1413792 Mar 23 13:35 libzmq.a
lrwxr-xr-x   1 norm  admin       14 Mar 23 13:35 libzmq.dylib -> libzmq.5.dylib
drwxr-xr-x   3 norm  admin       96 Apr 26 10:50 pkgconfig
Build static .a library files: /usr/local/Cellar/openssl/1.0.2o_1/lib
total 12104
drwxr-xr-x  10 norm  admin      320 Mar 27 07:55 .
drwxr-xr-x  13 norm  admin      416 Apr 26 10:31 ..
drwxr-xr-x  14 norm  admin      448 Mar 27 07:55 engines
-r--r--r--   1 norm  admin  1986176 Apr 16 16:03 libcrypto.1.0.0.dylib
-r--r--r--   1 norm  admin  3314640 Mar 27 07:55 libcrypto.a
lrwxr-xr-x   1 norm  admin       21 Mar 27 07:55 libcrypto.dylib -> libcrypto.1.0.0.dylib
-r--r--r--   1 norm  admin   376408 Apr 16 16:03 libssl.1.0.0.dylib
-r--r--r--   1 norm  admin   512560 Mar 27 07:55 libssl.a
lrwxr-xr-x   1 norm  admin       18 Mar 27 07:55 libssl.dylib -> libssl.1.0.0.dylib
drwxr-xr-x   5 norm  admin      160 Apr 16 16:03 pkgconfig
Build static .a library files: /Users/norm/forge/work/code/evernym/sdk-evernym/.macosbuild/vcx-indy-sdk/libindy/target/x86_64-apple-ios/release/build/libsqlcipher-sys-b14af6739f126938/out
total 4288
drwxr-xr-x  5 norm  staff      160 May  5 14:31 .
drwxr-xr-x  6 norm  staff      192 May  5 14:31 ..
-rw-r--r--  1 norm  staff   151900 May  5 14:31 bindgen.rs
-rw-r--r--  1 norm  staff  2036752 May  5 14:31 libsqlite3.a
drwxr-xr-x  3 norm  staff       96 May  5 14:31 sqlite3
Build static .a library files: /usr/local/Cellar/libsodium/1.0.12/lib
total 2064
drwxr-xr-x   6 norm  admin     192 Apr 26 10:31 .
drwxr-xr-x  10 norm  admin     320 Apr 26 10:31 ..
-r--r--r--   1 norm  admin  413516 Apr 26 10:31 libsodium.18.dylib
-r--r--r--   1 norm  admin  640424 Apr 26 10:31 libsodium.a
lrwxr-xr-x   1 norm  admin      18 Apr 26 10:31 libsodium.dylib -> libsodium.18.dylib
drwxr-xr-x   3 norm  admin      96 Apr 26 10:31 pkgconfig
Build static .a library files: /usr/local/Cellar/zeromq/4.2.5/lib
total 3880
drwxr-xr-x   6 norm  admin      192 Mar 23 13:35 .
drwxr-xr-x  12 norm  admin      384 Apr 26 10:50 ..
-r--r--r--   1 norm  admin   569212 Apr 26 10:50 libzmq.5.dylib
-r--r--r--   1 norm  admin  1413792 Mar 23 13:35 libzmq.a
lrwxr-xr-x   1 norm  admin       14 Mar 23 13:35 libzmq.dylib -> libzmq.5.dylib
drwxr-xr-x   3 norm  admin       96 Apr 26 10:50 pkgconfig
Build static .a library files: /Users/norm/forge/work/code/evernym/sdk-evernym/vcx/libvcx/target/aarch64-apple-ios/release/build/miniz-sys-e7743d50325f4fdf/out
total 728
drwxr-xr-x  4 norm  staff     128 May  5 14:48 .
drwxr-xr-x  6 norm  staff     192 May  5 14:48 ..
-rw-r--r--  1 norm  staff  185760 May  5 14:48 libminiz.a
-rw-r--r--  1 norm  staff  183232 May  5 14:48 miniz.o
Build static .a library files: /usr/local/Cellar/openssl/1.0.2o_1/lib
total 12104
drwxr-xr-x  10 norm  admin      320 Mar 27 07:55 .
drwxr-xr-x  13 norm  admin      416 Apr 26 10:31 ..
drwxr-xr-x  14 norm  admin      448 Mar 27 07:55 engines
-r--r--r--   1 norm  admin  1986176 Apr 16 16:03 libcrypto.1.0.0.dylib
-r--r--r--   1 norm  admin  3314640 Mar 27 07:55 libcrypto.a
lrwxr-xr-x   1 norm  admin       21 Mar 27 07:55 libcrypto.dylib -> libcrypto.1.0.0.dylib
-r--r--r--   1 norm  admin   376408 Apr 16 16:03 libssl.1.0.0.dylib
-r--r--r--   1 norm  admin   512560 Mar 27 07:55 libssl.a
lrwxr-xr-x   1 norm  admin       18 Mar 27 07:55 libssl.dylib -> libssl.1.0.0.dylib
drwxr-xr-x   5 norm  admin      160 Apr 16 16:03 pkgconfig
Build static .a library files: /Users/norm/forge/work/code/evernym/sdk-evernym/vcx/libvcx/target/armv7-apple-ios/release/build/miniz-sys-e7743d50325f4fdf/out
total 680
drwxr-xr-x  4 norm  staff     128 May  5 14:50 .
drwxr-xr-x  6 norm  staff     192 May  5 14:50 ..
-rw-r--r--  1 norm  staff  174440 May  5 14:50 libminiz.a
-rw-r--r--  1 norm  staff  171908 May  5 14:50 miniz.o
Build static .a library files: /usr/local/Cellar/openssl/1.0.2o_1/lib
total 12104
drwxr-xr-x  10 norm  admin      320 Mar 27 07:55 .
drwxr-xr-x  13 norm  admin      416 Apr 26 10:31 ..
drwxr-xr-x  14 norm  admin      448 Mar 27 07:55 engines
-r--r--r--   1 norm  admin  1986176 Apr 16 16:03 libcrypto.1.0.0.dylib
-r--r--r--   1 norm  admin  3314640 Mar 27 07:55 libcrypto.a
lrwxr-xr-x   1 norm  admin       21 Mar 27 07:55 libcrypto.dylib -> libcrypto.1.0.0.dylib
-r--r--r--   1 norm  admin   376408 Apr 16 16:03 libssl.1.0.0.dylib
-r--r--r--   1 norm  admin   512560 Mar 27 07:55 libssl.a
lrwxr-xr-x   1 norm  admin       18 Mar 27 07:55 libssl.dylib -> libssl.1.0.0.dylib
drwxr-xr-x   5 norm  admin      160 Apr 16 16:03 pkgconfig
Build static .a library files: /Users/norm/forge/work/code/evernym/sdk-evernym/vcx/libvcx/target/i386-apple-ios/release/build/miniz-sys-e7743d50325f4fdf/out
total 768
drwxr-xr-x  4 norm  staff     128 May  5 14:52 .
drwxr-xr-x  6 norm  staff     192 May  5 14:52 ..
-rw-r--r--  1 norm  staff  195544 May  5 14:52 libminiz.a
-rw-r--r--  1 norm  staff  193016 May  5 14:52 miniz.o
Build static .a library files: /usr/local/Cellar/openssl/1.0.2o_1/lib
total 12104
drwxr-xr-x  10 norm  admin      320 Mar 27 07:55 .
drwxr-xr-x  13 norm  admin      416 Apr 26 10:31 ..
drwxr-xr-x  14 norm  admin      448 Mar 27 07:55 engines
-r--r--r--   1 norm  admin  1986176 Apr 16 16:03 libcrypto.1.0.0.dylib
-r--r--r--   1 norm  admin  3314640 Mar 27 07:55 libcrypto.a
lrwxr-xr-x   1 norm  admin       21 Mar 27 07:55 libcrypto.dylib -> libcrypto.1.0.0.dylib
-r--r--r--   1 norm  admin   376408 Apr 16 16:03 libssl.1.0.0.dylib
-r--r--r--   1 norm  admin   512560 Mar 27 07:55 libssl.a
lrwxr-xr-x   1 norm  admin       18 Mar 27 07:55 libssl.dylib -> libssl.1.0.0.dylib
drwxr-xr-x   5 norm  admin      160 Apr 16 16:03 pkgconfig
Build static .a library files: /Users/norm/forge/work/code/evernym/sdk-evernym/vcx/libvcx/target/x86_64-apple-ios/release/build/miniz-sys-e7743d50325f4fdf/out
total 800
drwxr-xr-x  4 norm  staff     128 May  5 14:54 .
drwxr-xr-x  6 norm  staff     192 May  5 14:54 ..
-rw-r--r--  1 norm  staff  203480 May  5 14:54 libminiz.a
-rw-r--r--  1 norm  staff  200948 May  5 14:54 miniz.o
Build static .a library files: /usr/local/Cellar/openssl/1.0.2o_1/lib
total 12104
drwxr-xr-x  10 norm  admin      320 Mar 27 07:55 .
drwxr-xr-x  13 norm  admin      416 Apr 26 10:31 ..
drwxr-xr-x  14 norm  admin      448 Mar 27 07:55 engines
-r--r--r--   1 norm  admin  1986176 Apr 16 16:03 libcrypto.1.0.0.dylib
-r--r--r--   1 norm  admin  3314640 Mar 27 07:55 libcrypto.a
lrwxr-xr-x   1 norm  admin       21 Mar 27 07:55 libcrypto.dylib -> libcrypto.1.0.0.dylib
-r--r--r--   1 norm  admin   376408 Apr 16 16:03 libssl.1.0.0.dylib
-r--r--r--   1 norm  admin   512560 Mar 27 07:55 libssl.a
lrwxr-xr-x   1 norm  admin       18 Mar 27 07:55 libssl.dylib -> libssl.1.0.0.dylib
drwxr-xr-x   5 norm  admin      160 Apr 16 16:03 pkgconfig
